Arguments: 
  C:\Program Files\nodejs\node.exe C:\Program Files (x86)\Yarn\bin\yarn.js start

PATH: 
  C:\ProgramData\Oracle\Java\javapath;C:\WINDOWS\system32;C:\WINDOWS;C:\WINDOWS\System32\Wbem;C:\WINDOWS\System32\WindowsPowerShell\v1.0\;C:\WINDOWS\System32\OpenSSH\;C:\Program Files (x86)\Brackets\command;C:\Program Files\Git\cmd;C:\Program Files\nodejs\;C:\Program Files (x86)\Yarn\bin\;C:\Users\이준희\AppData\Local\Microsoft\WindowsApps;;C:\Users\이준희\AppData\Local\Programs\Microsoft VS Code\bin;C:\Users\이준희\AppData\Roaming\npm;C:\Users\이준희\AppData\Local\Yarn\bin

Yarn version: 
  1.22.15

Node version: 
  16.13.0

Platform: 
  win32 x64

Trace: 
  SyntaxError: C:\Users\이준희\Desktop\test_JS\TS--\package.json: Unexpected string in JSON at position 146
      at JSON.parse (<anonymous>)
      at C:\Program Files (x86)\Yarn\lib\cli.js:1625:59
      at Generator.next (<anonymous>)
      at step (C:\Program Files (x86)\Yarn\lib\cli.js:310:30)
      at C:\Program Files (x86)\Yarn\lib\cli.js:321:13

npm manifest: 
  {
    "name": "tyscriptchain",
    "version": "1.0.0",
    "main": "index.js",
    "scripts": {
      "start": "node index.js",
      "prestart": "tsc"
    }
    "repository": "https://github.com/JNYLee/TS--.git",
    "author": "JNYLee",
    "license": "MIT",
    "dependencies": {
      "tsc": "^2.0.3",
      "typescript": "^4.5.3"
    }
    
  }

yarn manifest: 
  No manifest

Lockfile: 
  No lockfile
